<?xml version="1.0" encoding="UTF-8"?>
<!-- Generated by org.testng.reporters.JUnitXMLReporter -->
<testsuite ignored="0" hostname="IN-7NCP573" failures="0" tests="12" name="Default test" time="14.155" errors="0" timestamp="2022-12-14T16:13:50 IST">
  <testcase classname="TestAllActions.TestClass" name="pingCheck" time="3.152"/>
  <testcase classname="TestAllActions.TestClass" name="createBoard" time="1.91"/>
  <testcase classname="TestAllActions.TestClass" name="getBoard" time="0.899"/>
  <testcase classname="TestAllActions.TestClass" name="createList" time="0.658"/>
  <testcase classname="TestAllActions.TestClass" name="getList" time="0.58"/>
  <testcase classname="TestAllActions.TestClass" name="updateList" time="0.669"/>
  <testcase classname="TestAllActions.TestClass" name="createCard" time="0.791"/>
  <testcase classname="TestAllActions.TestClass" name="getCard" time="0.6"/>
  <testcase classname="TestAllActions.TestClass" name="updateCard" time="1.009"/>
  <testcase classname="TestAllActions.TestClass" name="deleteCard" time="0.939"/>
  <testcase classname="TestAllActions.TestClass" name="updateBoard" time="1.668"/>
  <testcase classname="TestAllActions.TestClass" name="deleteBoard" time="1.221"/>
</testsuite> <!-- Default test -->
