<?xml version="1.0" encoding="UTF-8"?>
<!-- Generated by org.testng.reporters.JUnitReportReporter -->
<testsuite hostname="IN-7NCP573" failures="0" tests="12" name="TestAllActions.TestClass" time="14.104" errors="0" timestamp="2022-12-14T16:13:50 IST" skipped="0">
  <testcase classname="TestAllActions.TestClass" name="deleteCard" time="0.939"/>
  <system-out/>
  <testcase classname="TestAllActions.TestClass" name="createCard" time="0.791"/>
  <system-out/>
  <testcase classname="TestAllActions.TestClass" name="getCard" time="0.600"/>
  <system-out/>
  <testcase classname="TestAllActions.TestClass" name="pingCheck" time="3.152"/>
  <system-out/>
  <testcase classname="TestAllActions.TestClass" name="updateList" time="0.671"/>
  <system-out/>
  <testcase classname="TestAllActions.TestClass" name="getList" time="0.581"/>
  <system-out/>
  <testcase classname="TestAllActions.TestClass" name="updateCard" time="1.010"/>
  <system-out/>
  <testcase classname="TestAllActions.TestClass" name="createBoard" time="1.911"/>
  <system-out/>
  <testcase classname="TestAllActions.TestClass" name="createList" time="0.660"/>
  <system-out/>
  <testcase classname="TestAllActions.TestClass" name="getBoard" time="0.899"/>
  <system-out/>
  <testcase classname="TestAllActions.TestClass" name="updateBoard" time="1.668"/>
  <system-out/>
  <testcase classname="TestAllActions.TestClass" name="deleteBoard" time="1.222"/>
  <system-out/>
</testsuite> <!-- TestAllActions.TestClass -->
