<?xml version="1.0" encoding="UTF-8"?>
<!-- Generated by org.testng.reporters.JUnitReportReporter -->
<testsuite hostname="IN-7NCP573" failures="0" tests="11" name="Framework.Tests.TestClass" time="13.069" errors="0" timestamp="2022-12-14T10:57:52 IST" skipped="0">
  <testcase classname="Framework.Tests.TestClass" name="getAList" time="0.678"/>
  <system-out/>
  <testcase classname="Framework.Tests.TestClass" name="updateAList" time="0.819"/>
  <system-out/>
  <testcase classname="Framework.Tests.TestClass" name="updateACard" time="0.872"/>
  <system-out/>
  <testcase classname="Framework.Tests.TestClass" name="createACard" time="0.943"/>
  <system-out/>
  <testcase classname="Framework.Tests.TestClass" name="getACard" time="0.595"/>
  <system-out/>
  <testcase classname="Framework.Tests.TestClass" name="pingCheck" time="3.777"/>
  <system-out/>
  <testcase classname="Framework.Tests.TestClass" name="deleteACard" time="1.052"/>
  <system-out/>
  <testcase classname="Framework.Tests.TestClass" name="createBoard" time="2.027"/>
  <system-out/>
  <testcase classname="Framework.Tests.TestClass" name="getBoard" time="0.755"/>
  <system-out/>
  <testcase classname="Framework.Tests.TestClass" name="createList" time="0.690"/>
  <system-out/>
  <testcase classname="Framework.Tests.TestClass" name="updateBoard" time="0.861"/>
  <system-out/>
</testsuite> <!-- Framework.Tests.TestClass -->
